# JRE version: Java(TM) SE Runtime Environment (8.0_172-b11) (build 1.8.0_172-b11)
# Java VM: Java HotSpot(TM) 64-Bit Server VM (25.172-b11 mixed mode windows-amd64 compressed oops)
Heap:
 PSYoungGen      total 112640K, used 51469K [0x000000076b500000, 0x0000000773400000, 0x00000007c0000000)
  eden space 97792K, 37% used [0x000000076b500000,0x000000076d8f84c8,0x0000000771480000)
  from space 14848K, 98% used [0x0000000772580000,0x00000007733cb260,0x0000000773400000)
  to   space 15872K, 0% used [0x0000000771500000,0x0000000771500000,0x0000000772480000)
 ParOldGen       total 116224K, used 17091K [0x00000006c1e00000, 0x00000006c8f80000, 0x000000076b500000)
  object space 116224K, 14% used [0x00000006c1e00000,0x00000006c2eb0f40,0x00000006c8f80000)
 Metaspace       used 24836K, capacity 25542K, committed 25648K, reserved 1071104K
  class space    used 2888K, capacity 3033K, committed 3120K, reserved 1048576K
GC Heap History (10 events):
Event: 3.622 GC heap before
{Heap before GC invocations=5 (full 0):
 PSYoungGen      total 76288K, used 76272K [0x000000076b500000, 0x0000000770a00000, 0x00000007c0000000)
  eden space 65536K, 100% used [0x000000076b500000,0x000000076f500000,0x000000076f500000)
  from space 10752K, 99% used [0x000000076ff80000,0x00000007709fc030,0x0000000770a00000)
  to   space 10752K, 0% used [0x000000076f500000,0x000000076f500000,0x000000076ff80000)
 ParOldGen       total 175104K, used 4745K [0x00000006c1e00000, 0x00000006cc900000, 0x000000076b500000)
  object space 175104K, 2% used [0x00000006c1e00000,0x00000006c22a2420,0x00000006cc900000)
 Metaspace       used 17634K, capacity 18048K, committed 18432K, reserved 1064960K
  class space    used 2054K, capacity 2187K, committed 2304K, reserved 1048576K
Event: 3.631 GC heap after
Heap after GC invocations=5 (full 0):
 PSYoungGen      total 76288K, used 10736K [0x000000076b500000, 0x0000000770a00000, 0x00000007c0000000)
  eden space 65536K, 0% used [0x000000076b500000,0x000000076b500000,0x000000076f500000)
  from space 10752K, 99% used [0x000000076f500000,0x000000076ff7c030,0x000000076ff80000)
  to   space 10752K, 0% used [0x000000076ff80000,0x000000076ff80000,0x0000000770a00000)
 ParOldGen       total 175104K, used 5577K [0x00000006c1e00000, 0x00000006cc900000, 0x000000076b500000)
  object space 175104K, 3% used [0x00000006c1e00000,0x00000006c2372430,0x00000006cc900000)
 Metaspace       used 17634K, capacity 18048K, committed 18432K, reserved 1064960K
  class space    used 2054K, capacity 2187K, committed 2304K, reserved 1048576K
}
Event: 4.236 GC heap before
{Heap before GC invocations=6 (full 0):
 PSYoungGen      total 76288K, used 45871K [0x000000076b500000, 0x0000000770a00000, 0x00000007c0000000)
  eden space 65536K, 53% used [0x000000076b500000,0x000000076d74ff30,0x000000076f500000)
  from space 10752K, 99% used [0x000000076f500000,0x000000076ff7c030,0x000000076ff80000)
  to   space 10752K, 0% used [0x000000076ff80000,0x000000076ff80000,0x0000000770a00000)
 ParOldGen       total 175104K, used 5577K [0x00000006c1e00000, 0x00000006cc900000, 0x000000076b500000)
  object space 175104K, 3% used [0x00000006c1e00000,0x00000006c2372430,0x00000006cc900000)
 Metaspace       used 20714K, capacity 21222K, committed 21296K, reserved 1069056K
  class space    used 2464K, capacity 2588K, committed 2608K, reserved 1048576K
Event: 4.247 GC heap after
Heap after GC invocations=6 (full 0):
 PSYoungGen      total 76288K, used 10735K [0x000000076b500000, 0x0000000770a00000, 0x00000007c0000000)
  eden space 65536K, 0% used [0x000000076b500000,0x000000076b500000,0x000000076f500000)
  from space 10752K, 99% used [0x000000076ff80000,0x00000007709fbc30,0x0000000770a00000)
  to   space 10752K, 0% used [0x000000076f500000,0x000000076f500000,0x000000076ff80000)
 ParOldGen       total 175104K, used 7563K [0x00000006c1e00000, 0x00000006cc900000, 0x000000076b500000)
  object space 175104K, 4% used [0x00000006c1e00000,0x00000006c2562e50,0x00000006cc900000)
 Metaspace       used 20714K, capacity 21222K, committed 21296K, reserved 1069056K
  class space    used 2464K, capacity 2588K, committed 2608K, reserved 1048576K
}
Event: 4.247 GC heap before
{Heap before GC invocations=7 (full 1):
 PSYoungGen      total 76288K, used 10735K [0x000000076b500000, 0x0000000770a00000, 0x00000007c0000000)
  eden space 65536K, 0% used [0x000000076b500000,0x000000076b500000,0x000000076f500000)
  from space 10752K, 99% used [0x000000076ff80000,0x00000007709fbc30,0x0000000770a00000)
  to   space 10752K, 0% used [0x000000076f500000,0x000000076f500000,0x000000076ff80000)
 ParOldGen       total 175104K, used 7563K [0x00000006c1e00000, 0x00000006cc900000, 0x000000076b500000)
  object space 175104K, 4% used [0x00000006c1e00000,0x00000006c2562e50,0x00000006cc900000)
 Metaspace       used 20714K, capacity 21222K, committed 21296K, reserved 1069056K
  class space    used 2464K, capacity 2588K, committed 2608K, reserved 1048576K
Event: 4.314 GC heap after
Heap after GC invocations=7 (full 1):
 PSYoungGen      total 76288K, used 0K [0x000000076b500000, 0x0000000770a00000, 0x00000007c0000000)
  eden space 65536K, 0% used [0x000000076b500000,0x000000076b500000,0x000000076f500000)
  from space 10752K, 0% used [0x000000076ff80000,0x000000076ff80000,0x0000000770a00000)
  to   space 10752K, 0% used [0x000000076f500000,0x000000076f500000,0x000000076ff80000)
 ParOldGen       total 116224K, used 16056K [0x00000006c1e00000, 0x00000006c8f80000, 0x000000076b500000)
  object space 116224K, 13% used [0x00000006c1e00000,0x00000006c2dae160,0x00000006c8f80000)
 Metaspace       used 20714K, capacity 21222K, committed 21296K, reserved 1069056K
  class space    used 2464K, capacity 2588K, committed 2608K, reserved 1048576K
}
Event: 4.663 GC heap before
{Heap before GC invocations=8 (full 1):
 PSYoungGen      total 76288K, used 65536K [0x000000076b500000, 0x0000000770a00000, 0x00000007c0000000)
  eden space 65536K, 100% used [0x000000076b500000,0x000000076f500000,0x000000076f500000)
  from space 10752K, 0% used [0x000000076ff80000,0x000000076ff80000,0x0000000770a00000)
  to   space 10752K, 0% used [0x000000076f500000,0x000000076f500000,0x000000076ff80000)
 ParOldGen       total 116224K, used 16056K [0x00000006c1e00000, 0x00000006c8f80000, 0x000000076b500000)
  object space 116224K, 13% used [0x00000006c1e00000,0x00000006c2dae160,0x00000006c8f80000)
 Metaspace       used 22280K, capacity 22886K, committed 23088K, reserved 1069056K
  class space    used 2633K, capacity 2780K, committed 2864K, reserved 1048576K
Event: 4.671 GC heap after
Heap after GC invocations=8 (full 1):
 PSYoungGen      total 76288K, used 10730K [0x000000076b500000, 0x0000000773400000, 0x00000007c0000000)
  eden space 65536K, 0% used [0x000000076b500000,0x000000076b500000,0x000000076f500000)
  from space 10752K, 99% used [0x000000076f500000,0x000000076ff7abf8,0x000000076ff80000)
  to   space 14848K, 0% used [0x0000000772580000,0x0000000772580000,0x0000000773400000)
 ParOldGen       total 116224K, used 17083K [0x00000006c1e00000, 0x00000006c8f80000, 0x000000076b500000)
  object space 116224K, 14% used [0x00000006c1e00000,0x00000006c2eaef40,0x00000006c8f80000)
 Metaspace       used 22280K, capacity 22886K, committed 23088K, reserved 1069056K
  class space    used 2633K, capacity 2780K, committed 2864K, reserved 1048576K
}
Event: 5.879 GC heap before
{Heap before GC invocations=9 (full 1):
 PSYoungGen      total 76288K, used 76266K [0x000000076b500000, 0x0000000773400000, 0x00000007c0000000)
  eden space 65536K, 100% used [0x000000076b500000,0x000000076f500000,0x000000076f500000)
  from space 10752K, 99% used [0x000000076f500000,0x000000076ff7abf8,0x000000076ff80000)
  to   space 14848K, 0% used [0x0000000772580000,0x0000000772580000,0x0000000773400000)
 ParOldGen       total 116224K, used 17083K [0x00000006c1e00000, 0x00000006c8f80000, 0x000000076b500000)
  object space 116224K, 14% used [0x00000006c1e00000,0x00000006c2eaef40,0x00000006c8f80000)
 Metaspace       used 24380K, capacity 25014K, committed 25136K, reserved 1071104K
  class space    used 2849K, capacity 3018K, committed 3120K, reserved 1048576K
Event: 5.887 GC heap after
Heap after GC invocations=9 (full 1):
 PSYoungGen      total 112640K, used 14636K [0x000000076b500000, 0x0000000773400000, 0x00000007c0000000)
  eden space 97792K, 0% used [0x000000076b500000,0x000000076b500000,0x0000000771480000)
  from space 14848K, 98% used [0x0000000772580000,0x00000007733cb260,0x0000000773400000)
  to   space 15872K, 0% used [0x0000000771500000,0x0000000771500000,0x0000000772480000)
 ParOldGen       total 116224K, used 17091K [0x00000006c1e00000, 0x00000006c8f80000, 0x000000076b500000)
  object space 116224K, 14% used [0x00000006c1e00000,0x00000006c2eb0f40,0x00000006c8f80000)
 Metaspace       used 24380K, capacity 25014K, committed 25136K, reserved 1071104K
  class space    used 2849K, capacity 3018K, committed 3120K, reserved 1048576K
}

